==2179== Cachegrind, a cache and branch-prediction profiler
==2179== Copyright (C) 2002-2017, and GNU GPL'd, by Nicholas Nethercote et al.
==2179== Using Valgrind-3.15.0 and LibVEX; rerun with -h for copyright info
==2179== Command: ./bin/k_means 10000000 4 8
==2179== Parent PID: 1037
==2179== 
--2179-- warning: L3 cache found, using its data for the LL simulation.
==2179== 
==2179== Process terminating with default action of signal 2 (SIGINT)
==2179==    at 0x4888278: pow@@GLIBC_2.29 (w_pow_template.c:33)
==2179==    by 0x10965D: calculaDist (k_means.c:55)
==2179==    by 0x10A567: associaPontos._omp_fn.0 (k_means.c:103)
==2179==    by 0x49B078D: ??? (in /usr/lib/x86_64-linux-gnu/libgomp.so.1.0.0)
==2179==    by 0x4BD8608: start_thread (pthread_create.c:477)
==2179==    by 0x4AF7132: clone (clone.S:95)
==2179== 
==2179== I   refs:      238,601,511,919
==2179== I1  misses:              1,580
==2179== LLi misses:              1,552
==2179== I1  miss rate:            0.00%
==2179== LLi miss rate:            0.00%
==2179== 
==2179== D   refs:       74,710,202,458  (60,364,673,797 rd   + 14,345,528,661 wr)
==2179== D1  misses:         69,846,913  (    57,044,453 rd   +     12,802,460 wr)
==2179== LLd misses:         69,793,273  (    56,991,068 rd   +     12,802,205 wr)
==2179== D1  miss rate:             0.1% (           0.1%     +            0.1%  )
==2179== LLd miss rate:             0.1% (           0.1%     +            0.1%  )
==2179== 
==2179== LL refs:            69,848,493  (    57,046,033 rd   +     12,802,460 wr)
==2179== LL misses:          69,794,825  (    56,992,620 rd   +     12,802,205 wr)
==2179== LL miss rate:              0.0% (           0.0%     +            0.1%  )
